# JRE version: OpenJDK Runtime Environment Temurin-17.0.13+11 (17.0.13+11) (build 17.0.13+11)
# Java VM: OpenJDK 64-Bit Server VM Temurin-17.0.13+11 (17.0.13+11, mixed mode, tiered, compressed oops, compressed class ptrs, parallel gc, windows-amd64)
GC Precious Log:
 CPUs: 8 total, 8 available
 Memory: 16055M
 Large Page Support: Disabled
 NUMA Support: Disabled
 Compressed Oops: Enabled (32-bit)
 Alignments: Space 512K, Generation 512K, Heap 2M
 Heap Min Capacity: 100M
 Heap Initial Capacity: 100M
 Heap Max Capacity: 1G
 Pre-touch: Disabled
 Parallel Workers: 8
Heap:
 PSYoungGen      total 68608K, used 18682K [0x00000000eab00000, 0x00000000f0380000, 0x0000000100000000)
  eden space 45568K, 40% used [0x00000000eab00000,0x00000000ebd3ea78,0x00000000ed780000)
  from space 23040K, 0% used [0x00000000ed780000,0x00000000ed780000,0x00000000eee00000)
  to   space 1536K, 0% used [0x00000000eef80000,0x00000000eef80000,0x00000000ef100000)
 ParOldGen       total 198656K, used 150505K [0x00000000c0000000, 0x00000000cc200000, 0x00000000eab00000)
  object space 198656K, 75% used [0x00000000c0000000,0x00000000c92fa6a8,0x00000000cc200000)
 Metaspace       used 55580K, committed 56640K, reserved 1114112K
  class space    used 5921K, committed 6400K, reserved 1048576K
GC Heap History (20 events):
Event: 10.932 GC heap before
{Heap before GC invocations=38 (full 3):
 PSYoungGen      total 63488K, used 63462K [0x00000000eab00000, 0x00000000f0080000, 0x0000000100000000)
  eden space 55808K, 100% used [0x00000000eab00000,0x00000000ee180000,0x00000000ee180000)
  from space 7680K, 99% used [0x00000000ee300000,0x00000000eea798e0,0x00000000eea80000)
  to   space 15872K, 0% used [0x00000000ef100000,0x00000000ef100000,0x00000000f0080000)
 ParOldGen       total 68608K, used 54079K [0x00000000c0000000, 0x00000000c4300000, 0x00000000eab00000)
  object space 68608K, 78% used [0x00000000c0000000,0x00000000c34cfe20,0x00000000c4300000)
 Metaspace       used 52409K, committed 53440K, reserved 1114112K
  class space    used 5504K, committed 5952K, reserved 1048576K
}
Event: 10.939 GC heap after
{Heap after GC invocations=38 (full 3):
 PSYoungGen      total 66560K, used 11970K [0x00000000eab00000, 0x00000000efd00000, 0x0000000100000000)
  eden space 54272K, 0% used [0x00000000eab00000,0x00000000eab00000,0x00000000ee000000)
  from space 12288K, 97% used [0x00000000ef100000,0x00000000efcb0bb8,0x00000000efd00000)
  to   space 12800K, 0% used [0x00000000ee400000,0x00000000ee400000,0x00000000ef080000)
 ParOldGen       total 68608K, used 61024K [0x00000000c0000000, 0x00000000c4300000, 0x00000000eab00000)
  object space 68608K, 88% used [0x00000000c0000000,0x00000000c3b98068,0x00000000c4300000)
 Metaspace       used 52409K, committed 53440K, reserved 1114112K
  class space    used 5504K, committed 5952K, reserved 1048576K
}
Event: 11.208 GC heap before
{Heap before GC invocations=39 (full 3):
 PSYoungGen      total 66560K, used 66242K [0x00000000eab00000, 0x00000000efd00000, 0x0000000100000000)
  eden space 54272K, 100% used [0x00000000eab00000,0x00000000ee000000,0x00000000ee000000)
  from space 12288K, 97% used [0x00000000ef100000,0x00000000efcb0bb8,0x00000000efd00000)
  to   space 12800K, 0% used [0x00000000ee400000,0x00000000ee400000,0x00000000ef080000)
 ParOldGen       total 68608K, used 61024K [0x00000000c0000000, 0x00000000c4300000, 0x00000000eab00000)
  object space 68608K, 88% used [0x00000000c0000000,0x00000000c3b98068,0x00000000c4300000)
 Metaspace       used 53203K, committed 54272K, reserved 1114112K
  class space    used 5600K, committed 6080K, reserved 1048576K
}
Event: 11.280 GC heap after
{Heap after GC invocations=39 (full 3):
 PSYoungGen      total 64512K, used 11491K [0x00000000eab00000, 0x00000000ef680000, 0x0000000100000000)
  eden space 52736K, 0% used [0x00000000eab00000,0x00000000eab00000,0x00000000ede80000)
  from space 11776K, 97% used [0x00000000ee400000,0x00000000eef38c88,0x00000000eef80000)
  to   space 7168K, 0% used [0x00000000eef80000,0x00000000eef80000,0x00000000ef680000)
 ParOldGen       total 72704K, used 72306K [0x00000000c0000000, 0x00000000c4700000, 0x00000000eab00000)
  object space 72704K, 99% used [0x00000000c0000000,0x00000000c469cba8,0x00000000c4700000)
 Metaspace       used 53203K, committed 54272K, reserved 1114112K
  class space    used 5600K, committed 6080K, reserved 1048576K
}
Event: 11.472 GC heap before
{Heap before GC invocations=40 (full 4):
 PSYoungGen      total 64512K, used 64227K [0x00000000eab00000, 0x00000000ef680000, 0x0000000100000000)
  eden space 52736K, 100% used [0x00000000eab00000,0x00000000ede80000,0x00000000ede80000)
  from space 11776K, 97% used [0x00000000ee400000,0x00000000eef38c88,0x00000000eef80000)
  to   space 7168K, 0% used [0x00000000eef80000,0x00000000eef80000,0x00000000ef680000)
 ParOldGen       total 72704K, used 72306K [0x00000000c0000000, 0x00000000c4700000, 0x00000000eab00000)
  object space 72704K, 99% used [0x00000000c0000000,0x00000000c469cba8,0x00000000c4700000)
 Metaspace       used 53528K, committed 54592K, reserved 1114112K
  class space    used 5649K, committed 6144K, reserved 1048576K
}
Event: 11.554 GC heap after
{Heap after GC invocations=40 (full 4):
 PSYoungGen      total 58368K, used 18835K [0x00000000eab00000, 0x00000000ef500000, 0x0000000100000000)
  eden space 52736K, 35% used [0x00000000eab00000,0x00000000ebd64ef8,0x00000000ede80000)
  from space 5632K, 0% used [0x00000000eef80000,0x00000000eef80000,0x00000000ef500000)
  to   space 11776K, 0% used [0x00000000ee400000,0x00000000ee400000,0x00000000eef80000)
 ParOldGen       total 112128K, used 72624K [0x00000000c0000000, 0x00000000c6d80000, 0x00000000eab00000)
  object space 112128K, 64% used [0x00000000c0000000,0x00000000c46ec1b0,0x00000000c6d80000)
 Metaspace       used 53528K, committed 54592K, reserved 1114112K
  class space    used 5649K, committed 6144K, reserved 1048576K
}
Event: 11.669 GC heap before
{Heap before GC invocations=41 (full 4):
 PSYoungGen      total 58368K, used 52736K [0x00000000eab00000, 0x00000000ef500000, 0x0000000100000000)
  eden space 52736K, 100% used [0x00000000eab00000,0x00000000ede80000,0x00000000ede80000)
  from space 5632K, 0% used [0x00000000eef80000,0x00000000eef80000,0x00000000ef500000)
  to   space 11776K, 0% used [0x00000000ee400000,0x00000000ee400000,0x00000000eef80000)
 ParOldGen       total 112128K, used 72624K [0x00000000c0000000, 0x00000000c6d80000, 0x00000000eab00000)
  object space 112128K, 64% used [0x00000000c0000000,0x00000000c46ec1b0,0x00000000c6d80000)
 Metaspace       used 53753K, committed 54784K, reserved 1114112K
  class space    used 5683K, committed 6144K, reserved 1048576K
}
Event: 11.693 GC heap after
{Heap after GC invocations=41 (full 4):
 PSYoungGen      total 62976K, used 11759K [0x00000000eab00000, 0x00000000f1700000, 0x0000000100000000)
  eden space 51200K, 0% used [0x00000000eab00000,0x00000000eab00000,0x00000000edd00000)
  from space 11776K, 99% used [0x00000000ee400000,0x00000000eef7bdd8,0x00000000eef80000)
  to   space 29696K, 0% used [0x00000000efa00000,0x00000000efa00000,0x00000000f1700000)
 ParOldGen       total 112128K, used 87860K [0x00000000c0000000, 0x00000000c6d80000, 0x00000000eab00000)
  object space 112128K, 78% used [0x00000000c0000000,0x00000000c55cd3f0,0x00000000c6d80000)
 Metaspace       used 53753K, committed 54784K, reserved 1114112K
  class space    used 5683K, committed 6144K, reserved 1048576K
}
Event: 11.853 GC heap before
{Heap before GC invocations=42 (full 4):
 PSYoungGen      total 62976K, used 62959K [0x00000000eab00000, 0x00000000f1700000, 0x0000000100000000)
  eden space 51200K, 100% used [0x00000000eab00000,0x00000000edd00000,0x00000000edd00000)
  from space 11776K, 99% used [0x00000000ee400000,0x00000000eef7bdd8,0x00000000eef80000)
  to   space 29696K, 0% used [0x00000000efa00000,0x00000000efa00000,0x00000000f1700000)
 ParOldGen       total 112128K, used 87860K [0x00000000c0000000, 0x00000000c6d80000, 0x00000000eab00000)
  object space 112128K, 78% used [0x00000000c0000000,0x00000000c55cd3f0,0x00000000c6d80000)
 Metaspace       used 54047K, committed 55104K, reserved 1114112K
  class space    used 5727K, committed 6208K, reserved 1048576K
}
Event: 11.864 GC heap after
{Heap after GC invocations=42 (full 4):
 PSYoungGen      total 60928K, used 11055K [0x00000000eab00000, 0x00000000f0500000, 0x0000000100000000)
  eden space 49664K, 0% used [0x00000000eab00000,0x00000000eab00000,0x00000000edb80000)
  from space 11264K, 98% used [0x00000000efa00000,0x00000000f04cbd10,0x00000000f0500000)
  to   space 16896K, 0% used [0x00000000ee400000,0x00000000ee400000,0x00000000ef480000)
 ParOldGen       total 112128K, used 98987K [0x00000000c0000000, 0x00000000c6d80000, 0x00000000eab00000)
  object space 112128K, 88% used [0x00000000c0000000,0x00000000c60aadd0,0x00000000c6d80000)
 Metaspace       used 54047K, committed 55104K, reserved 1114112K
  class space    used 5727K, committed 6208K, reserved 1048576K
}
Event: 12.013 GC heap before
{Heap before GC invocations=43 (full 4):
 PSYoungGen      total 60928K, used 60719K [0x00000000eab00000, 0x00000000f0500000, 0x0000000100000000)
  eden space 49664K, 100% used [0x00000000eab00000,0x00000000edb80000,0x00000000edb80000)
  from space 11264K, 98% used [0x00000000efa00000,0x00000000f04cbd10,0x00000000f0500000)
  to   space 16896K, 0% used [0x00000000ee400000,0x00000000ee400000,0x00000000ef480000)
 ParOldGen       total 112128K, used 98987K [0x00000000c0000000, 0x00000000c6d80000, 0x00000000eab00000)
  object space 112128K, 88% used [0x00000000c0000000,0x00000000c60aadd0,0x00000000c6d80000)
 Metaspace       used 54398K, committed 55488K, reserved 1114112K
  class space    used 5787K, committed 6272K, reserved 1048576K
}
Event: 12.026 GC heap after
{Heap after GC invocations=43 (full 4):
 PSYoungGen      total 60928K, used 12473K [0x00000000eab00000, 0x00000000efa80000, 0x0000000100000000)
  eden space 48128K, 0% used [0x00000000eab00000,0x00000000eab00000,0x00000000eda00000)
  from space 12800K, 97% used [0x00000000ee400000,0x00000000ef02e518,0x00000000ef080000)
  to   space 10240K, 0% used [0x00000000ef080000,0x00000000ef080000,0x00000000efa80000)
 ParOldGen       total 112128K, used 109478K [0x00000000c0000000, 0x00000000c6d80000, 0x00000000eab00000)
  object space 112128K, 97% used [0x00000000c0000000,0x00000000c6ae98c8,0x00000000c6d80000)
 Metaspace       used 54398K, committed 55488K, reserved 1114112K
  class space    used 5787K, committed 6272K, reserved 1048576K
}
Event: 12.181 GC heap before
{Heap before GC invocations=44 (full 5):
 PSYoungGen      total 60928K, used 60601K [0x00000000eab00000, 0x00000000efa80000, 0x0000000100000000)
  eden space 48128K, 100% used [0x00000000eab00000,0x00000000eda00000,0x00000000eda00000)
  from space 12800K, 97% used [0x00000000ee400000,0x00000000ef02e518,0x00000000ef080000)
  to   space 10240K, 0% used [0x00000000ef080000,0x00000000ef080000,0x00000000efa80000)
 ParOldGen       total 112128K, used 109478K [0x00000000c0000000, 0x00000000c6d80000, 0x00000000eab00000)
  object space 112128K, 97% used [0x00000000c0000000,0x00000000c6ae98c8,0x00000000c6d80000)
 Metaspace       used 54906K, committed 56000K, reserved 1114112K
  class space    used 5839K, committed 6336K, reserved 1048576K
}
Event: 12.296 GC heap after
{Heap after GC invocations=44 (full 5):
 PSYoungGen      total 50176K, used 16586K [0x00000000eab00000, 0x00000000ef280000, 0x0000000100000000)
  eden space 48128K, 34% used [0x00000000eab00000,0x00000000ebb32808,0x00000000eda00000)
  from space 2048K, 0% used [0x00000000ef080000,0x00000000ef080000,0x00000000ef280000)
  to   space 12800K, 0% used [0x00000000ee400000,0x00000000ee400000,0x00000000ef080000)
 ParOldGen       total 150528K, used 112075K [0x00000000c0000000, 0x00000000c9300000, 0x00000000eab00000)
  object space 150528K, 74% used [0x00000000c0000000,0x00000000c6d72ca8,0x00000000c9300000)
 Metaspace       used 54906K, committed 56000K, reserved 1114112K
  class space    used 5839K, committed 6336K, reserved 1048576K
}
Event: 12.383 GC heap before
{Heap before GC invocations=45 (full 5):
 PSYoungGen      total 50176K, used 48128K [0x00000000eab00000, 0x00000000ef280000, 0x0000000100000000)
  eden space 48128K, 100% used [0x00000000eab00000,0x00000000eda00000,0x00000000eda00000)
  from space 2048K, 0% used [0x00000000ef080000,0x00000000ef080000,0x00000000ef280000)
  to   space 12800K, 0% used [0x00000000ee400000,0x00000000ee400000,0x00000000ef080000)
 ParOldGen       total 150528K, used 112075K [0x00000000c0000000, 0x00000000c9300000, 0x00000000eab00000)
  object space 150528K, 74% used [0x00000000c0000000,0x00000000c6d72ca8,0x00000000c9300000)
 Metaspace       used 55218K, committed 56256K, reserved 1114112K
  class space    used 5877K, committed 6336K, reserved 1048576K
}
Event: 12.398 GC heap after
{Heap after GC invocations=45 (full 5):
 PSYoungGen      total 58368K, used 11559K [0x00000000eab00000, 0x00000000ef100000, 0x0000000100000000)
  eden space 46592K, 0% used [0x00000000eab00000,0x00000000eab00000,0x00000000ed880000)
  from space 11776K, 98% used [0x00000000ee400000,0x00000000eef49ea0,0x00000000eef80000)
  to   space 1536K, 0% used [0x00000000eef80000,0x00000000eef80000,0x00000000ef100000)
 ParOldGen       total 150528K, used 124002K [0x00000000c0000000, 0x00000000c9300000, 0x00000000eab00000)
  object space 150528K, 82% used [0x00000000c0000000,0x00000000c7918af0,0x00000000c9300000)
 Metaspace       used 55218K, committed 56256K, reserved 1114112K
  class space    used 5877K, committed 6336K, reserved 1048576K
}
Event: 12.490 GC heap before
{Heap before GC invocations=46 (full 5):
 PSYoungGen      total 58368K, used 58151K [0x00000000eab00000, 0x00000000ef100000, 0x0000000100000000)
  eden space 46592K, 100% used [0x00000000eab00000,0x00000000ed880000,0x00000000ed880000)
  from space 11776K, 98% used [0x00000000ee400000,0x00000000eef49ea0,0x00000000eef80000)
  to   space 1536K, 0% used [0x00000000eef80000,0x00000000eef80000,0x00000000ef100000)
 ParOldGen       total 150528K, used 124002K [0x00000000c0000000, 0x00000000c9300000, 0x00000000eab00000)
  object space 150528K, 82% used [0x00000000c0000000,0x00000000c7918af0,0x00000000c9300000)
 Metaspace       used 55571K, committed 56640K, reserved 1114112K
  class space    used 5921K, committed 6400K, reserved 1048576K
}
Event: 12.511 GC heap after
{Heap after GC invocations=46 (full 5):
 PSYoungGen      total 47104K, used 1526K [0x00000000eab00000, 0x00000000f0480000, 0x0000000100000000)
  eden space 45568K, 0% used [0x00000000eab00000,0x00000000eab00000,0x00000000ed780000)
  from space 1536K, 99% used [0x00000000eef80000,0x00000000ef0fda40,0x00000000ef100000)
  to   space 23040K, 0% used [0x00000000ed780000,0x00000000ed780000,0x00000000eee00000)
 ParOldGen       total 150528K, used 143509K [0x00000000c0000000, 0x00000000c9300000, 0x00000000eab00000)
  object space 150528K, 95% used [0x00000000c0000000,0x00000000c8c256d8,0x00000000c9300000)
 Metaspace       used 55571K, committed 56640K, reserved 1114112K
  class space    used 5921K, committed 6400K, reserved 1048576K
}
Event: 12.596 GC heap before
{Heap before GC invocations=47 (full 6):
 PSYoungGen      total 47104K, used 47094K [0x00000000eab00000, 0x00000000f0480000, 0x0000000100000000)
  eden space 45568K, 100% used [0x00000000eab00000,0x00000000ed780000,0x00000000ed780000)
  from space 1536K, 99% used [0x00000000eef80000,0x00000000ef0fda40,0x00000000ef100000)
  to   space 23040K, 0% used [0x00000000ed780000,0x00000000ed780000,0x00000000eee00000)
 ParOldGen       total 150528K, used 143509K [0x00000000c0000000, 0x00000000c9300000, 0x00000000eab00000)
  object space 150528K, 95% used [0x00000000c0000000,0x00000000c8c256d8,0x00000000c9300000)
 Metaspace       used 55573K, committed 56640K, reserved 1114112K
  class space    used 5921K, committed 6400K, reserved 1048576K
}
Event: 13.708 GC heap after
{Heap after GC invocations=47 (full 6):
 PSYoungGen      total 68608K, used 2946K [0x00000000eab00000, 0x00000000f0380000, 0x0000000100000000)
  eden space 45568K, 6% used [0x00000000eab00000,0x00000000eade0930,0x00000000ed780000)
  from space 23040K, 0% used [0x00000000ed780000,0x00000000ed780000,0x00000000eee00000)
  to   space 1536K, 0% used [0x00000000eef80000,0x00000000eef80000,0x00000000ef100000)
 ParOldGen       total 198656K, used 150505K [0x00000000c0000000, 0x00000000cc200000, 0x00000000eab00000)
  object space 198656K, 75% used [0x00000000c0000000,0x00000000c92fa6a8,0x00000000cc200000)
 Metaspace       used 55573K, committed 56640K, reserved 1114112K
  class space    used 5921K, committed 6400K, reserved 1048576K
}

